2018-10-30 15:00:57,743 - Initializing Velocity, Calling init()...
2018-10-30 15:00:57,743 - Starting Apache Velocity v1.7 (compiled: 2010-11-19 12:14:37)
2018-10-30 15:00:57,743 - Default Properties File: org\apache\velocity\runtime\defaults\velocity.properties
2018-10-30 15:00:57,743 - Trying to use logger class org.apache.velocity.runtime.log.AvalonLogChute
2018-10-30 15:00:57,743 - Target log system for org.apache.velocity.runtime.log.AvalonLogChute is not available (java.lang.NoClassDefFoundError: org/apache/log/format/Formatter).  Falling back to next log system...
2018-10-30 15:00:57,743 - Trying to use logger class org.apache.velocity.runtime.log.Log4JLogChute
2018-10-30 15:00:57,743 - Using logger class org.apache.velocity.runtime.log.Log4JLogChute
2018-10-30 15:00:57,765 - ResourceLoader instantiated: org.apache.velocity.runtime.resource.loader.ClasspathResourceLoader
2018-10-30 15:00:57,786 - ResourceCache: initialized (class org.apache.velocity.runtime.resource.ResourceCacheImpl) with class java.util.Collections$SynchronizedMap cache map.
2018-10-30 15:00:57,788 - Loaded System Directive: org.apache.velocity.runtime.directive.Stop
2018-10-30 15:00:57,789 - Loaded System Directive: org.apache.velocity.runtime.directive.Define
2018-10-30 15:00:57,790 - Loaded System Directive: org.apache.velocity.runtime.directive.Break
2018-10-30 15:00:57,791 - Loaded System Directive: org.apache.velocity.runtime.directive.Evaluate
2018-10-30 15:00:57,791 - Loaded System Directive: org.apache.velocity.runtime.directive.Literal
2018-10-30 15:00:57,793 - Loaded System Directive: org.apache.velocity.runtime.directive.Macro
2018-10-30 15:00:57,794 - Loaded System Directive: org.apache.velocity.runtime.directive.Parse
2018-10-30 15:00:57,796 - Loaded System Directive: org.apache.velocity.runtime.directive.Include
2018-10-30 15:00:57,797 - Loaded System Directive: org.apache.velocity.runtime.directive.Foreach
2018-10-30 15:00:57,822 - Created '20' parsers.
2018-10-30 15:00:57,860 - Velocimacro : "velocimacro.library" is not set.  Trying default library: VM_global_library.vm
2018-10-30 15:00:57,861 - Could not load resource 'VM_global_library.vm' from ResourceLoader org.apache.velocity.runtime.resource.loader.ClasspathResourceLoader: ClasspathResourceLoader Error: cannot find resource VM_global_library.vm
2018-10-30 15:00:57,861 - Velocimacro : Default library not found.
2018-10-30 15:00:57,862 - Velocimacro : allowInline = true : VMs can be defined inline in templates
2018-10-30 15:00:57,862 - Velocimacro : allowInlineToOverride = false : VMs defined inline may NOT replace previous VM definitions
2018-10-30 15:00:57,862 - Velocimacro : allowInlineLocal = false : VMs defined inline will be global in scope if allowed.
2018-10-30 15:00:57,862 - Velocimacro : autoload off : VM system will not automatically reload global library macros
2018-10-30 15:00:57,919 - ResourceManager : found templates/AnnotationDatabaseImpl.vm with loader org.apache.velocity.runtime.resource.loader.ClasspathResourceLoader
2018-10-30 15:07:41,826 - Log4JLogChute initialized using file 'velocity.log'
2018-10-30 15:07:41,827 - Initializing Velocity, Calling init()...
2018-10-30 15:07:41,827 - Starting Apache Velocity v1.7 (compiled: 2010-11-19 12:14:37)
2018-10-30 15:07:41,827 - Default Properties File: org\apache\velocity\runtime\defaults\velocity.properties
2018-10-30 15:07:41,827 - Trying to use logger class org.apache.velocity.runtime.log.AvalonLogChute
2018-10-30 15:07:41,827 - Target log system for org.apache.velocity.runtime.log.AvalonLogChute is not available (java.lang.NoClassDefFoundError: org/apache/log/format/Formatter).  Falling back to next log system...
2018-10-30 15:07:41,827 - Trying to use logger class org.apache.velocity.runtime.log.Log4JLogChute
2018-10-30 15:07:41,827 - Using logger class org.apache.velocity.runtime.log.Log4JLogChute
2018-10-30 15:07:41,837 - ResourceLoader instantiated: org.apache.velocity.runtime.resource.loader.ClasspathResourceLoader
2018-10-30 15:07:42,059 - ResourceCache: initialized (class org.apache.velocity.runtime.resource.ResourceCacheImpl) with class java.util.Collections$SynchronizedMap cache map.
2018-10-30 15:07:42,063 - Loaded System Directive: org.apache.velocity.runtime.directive.Stop
2018-10-30 15:07:42,066 - Loaded System Directive: org.apache.velocity.runtime.directive.Define
2018-10-30 15:07:42,069 - Loaded System Directive: org.apache.velocity.runtime.directive.Break
2018-10-30 15:07:42,072 - Loaded System Directive: org.apache.velocity.runtime.directive.Evaluate
2018-10-30 15:07:42,078 - Loaded System Directive: org.apache.velocity.runtime.directive.Literal
2018-10-30 15:07:42,086 - Loaded System Directive: org.apache.velocity.runtime.directive.Macro
2018-10-30 15:07:42,092 - Loaded System Directive: org.apache.velocity.runtime.directive.Parse
2018-10-30 15:07:42,094 - Loaded System Directive: org.apache.velocity.runtime.directive.Include
2018-10-30 15:07:42,095 - Loaded System Directive: org.apache.velocity.runtime.directive.Foreach
2018-10-30 15:07:42,139 - Created '20' parsers.
2018-10-30 15:07:42,156 - Velocimacro : "velocimacro.library" is not set.  Trying default library: VM_global_library.vm
2018-10-30 15:07:42,157 - Could not load resource 'VM_global_library.vm' from ResourceLoader org.apache.velocity.runtime.resource.loader.ClasspathResourceLoader: ClasspathResourceLoader Error: cannot find resource VM_global_library.vm
2018-10-30 15:07:42,157 - Velocimacro : Default library not found.
2018-10-30 15:07:42,157 - Velocimacro : allowInline = true : VMs can be defined inline in templates
2018-10-30 15:07:42,157 - Velocimacro : allowInlineToOverride = false : VMs defined inline may NOT replace previous VM definitions
2018-10-30 15:07:42,157 - Velocimacro : allowInlineLocal = false : VMs defined inline will be global in scope if allowed.
2018-10-30 15:07:42,157 - Velocimacro : autoload off : VM system will not automatically reload global library macros
2018-10-30 15:07:42,185 - ResourceManager : found templates/AnnotationDatabaseImpl.vm with loader org.apache.velocity.runtime.resource.loader.ClasspathResourceLoader
2018-10-30 15:17:50,909 - Log4JLogChute initialized using file 'velocity.log'
2018-10-30 15:17:50,909 - Initializing Velocity, Calling init()...
2018-10-30 15:17:50,909 - Starting Apache Velocity v1.7 (compiled: 2010-11-19 12:14:37)
2018-10-30 15:17:50,909 - Default Properties File: org\apache\velocity\runtime\defaults\velocity.properties
2018-10-30 15:17:50,909 - Trying to use logger class org.apache.velocity.runtime.log.AvalonLogChute
2018-10-30 15:17:50,909 - Target log system for org.apache.velocity.runtime.log.AvalonLogChute is not available (java.lang.NoClassDefFoundError: org/apache/log/format/Formatter).  Falling back to next log system...
2018-10-30 15:17:50,909 - Trying to use logger class org.apache.velocity.runtime.log.Log4JLogChute
2018-10-30 15:17:50,909 - Using logger class org.apache.velocity.runtime.log.Log4JLogChute
2018-10-30 15:17:50,915 - ResourceLoader instantiated: org.apache.velocity.runtime.resource.loader.ClasspathResourceLoader
2018-10-30 15:17:51,177 - ResourceCache: initialized (class org.apache.velocity.runtime.resource.ResourceCacheImpl) with class java.util.Collections$SynchronizedMap cache map.
2018-10-30 15:17:51,178 - Loaded System Directive: org.apache.velocity.runtime.directive.Stop
2018-10-30 15:17:51,180 - Loaded System Directive: org.apache.velocity.runtime.directive.Define
2018-10-30 15:17:51,182 - Loaded System Directive: org.apache.velocity.runtime.directive.Break
2018-10-30 15:17:51,183 - Loaded System Directive: org.apache.velocity.runtime.directive.Evaluate
2018-10-30 15:17:51,229 - Loaded System Directive: org.apache.velocity.runtime.directive.Literal
2018-10-30 15:17:51,241 - Loaded System Directive: org.apache.velocity.runtime.directive.Macro
2018-10-30 15:17:51,252 - Loaded System Directive: org.apache.velocity.runtime.directive.Parse
2018-10-30 15:17:51,257 - Loaded System Directive: org.apache.velocity.runtime.directive.Include
2018-10-30 15:17:51,259 - Loaded System Directive: org.apache.velocity.runtime.directive.Foreach
2018-10-30 15:17:51,372 - Created '20' parsers.
2018-10-30 15:17:51,407 - Velocimacro : "velocimacro.library" is not set.  Trying default library: VM_global_library.vm
2018-10-30 15:17:51,407 - Could not load resource 'VM_global_library.vm' from ResourceLoader org.apache.velocity.runtime.resource.loader.ClasspathResourceLoader: ClasspathResourceLoader Error: cannot find resource VM_global_library.vm
2018-10-30 15:17:51,407 - Velocimacro : Default library not found.
2018-10-30 15:17:51,407 - Velocimacro : allowInline = true : VMs can be defined inline in templates
2018-10-30 15:17:51,407 - Velocimacro : allowInlineToOverride = false : VMs defined inline may NOT replace previous VM definitions
2018-10-30 15:17:51,407 - Velocimacro : allowInlineLocal = false : VMs defined inline will be global in scope if allowed.
2018-10-30 15:17:51,407 - Velocimacro : autoload off : VM system will not automatically reload global library macros
2018-10-30 15:17:51,475 - ResourceManager : found templates/AnnotationDatabaseImpl.vm with loader org.apache.velocity.runtime.resource.loader.ClasspathResourceLoader
